<?xml version="1.0" encoding="UTF-8"?>
<!-- Generated by org.testng.reporters.JUnitReportReporter -->
<testsuite hostname="Anit" failures="0" tests="2" name="DynamicJson" time="4.342" errors="0" timestamp="2023-05-17T17:50:49 IST" skipped="0">
  <testcase classname="DynamicJson" name="libraryApi" time="1.201"/>
  <system-out/>
  <testcase classname="DynamicJson" name="libraryApi" time="3.141"/>
  <system-out/>
</testsuite> <!-- DynamicJson -->
